[debug] [2022-08-07T01:32:34.648Z] ----------------------------------------------------------------------
[debug] [2022-08-07T01:32:34.649Z] Command:       /usr/local/bin/node /usr/local/bin/firebase init
[debug] [2022-08-07T01:32:34.649Z] CLI Version:   11.4.2
[debug] [2022-08-07T01:32:34.649Z] Platform:      darwin
[debug] [2022-08-07T01:32:34.649Z] Node Version:  v16.16.0
[debug] [2022-08-07T01:32:34.654Z] Time:          Sun Aug 07 2022 10:32:34 GMT+0900 (日本標準時)
[debug] [2022-08-07T01:32:34.654Z] ----------------------------------------------------------------------
[debug] 
[debug] [2022-08-07T01:32:34.681Z] > command requires scopes: ["email","openid","https://www.googleapis.com/auth/cloudplatformprojects.readonly","https://www.googleapis.com/auth/firebase","https://www.googleapis.com/auth/cloud-platform"]
[debug] [2022-08-07T01:32:34.682Z] > authorizing via signed-in user (ssto2222@gmail.com)
[info] 
     ######## #### ########  ######## ########     ###     ######  ########
     ##        ##  ##     ## ##       ##     ##  ##   ##  ##       ##
     ######    ##  ########  ######   ########  #########  ######  ######
     ##        ##  ##    ##  ##       ##     ## ##     ##       ## ##
     ##       #### ##     ## ######## ########  ##     ##  ######  ########

You're about to initialize a Firebase project in this directory:

  /Users/user/Desktop/dev/react-project/amazon-clone

Before we get started, keep in mind:

  * You are initializing within an existing Firebase project directory

[info] 
=== Project Setup
[info] 
[info] First, let's associate this project directory with a Firebase project.
[info] You can create multiple project aliases by running firebase use --add, 
[info] but for now we'll just set up a default project.
[info] 
[debug] [2022-08-07T01:32:41.574Z] Using project from CLI flag: clone-7bdc3
[debug] [2022-08-07T01:32:41.575Z] > refreshing access token with scopes: []
[debug] [2022-08-07T01:32:41.576Z] >>> [apiv2][query] POST https://www.googleapis.com/oauth2/v3/token [none]
[debug] [2022-08-07T01:32:41.576Z] >>> [apiv2][body] POST https://www.googleapis.com/oauth2/v3/token [omitted]
[debug] [2022-08-07T01:32:41.985Z] <<< [apiv2][status] POST https://www.googleapis.com/oauth2/v3/token 200
[debug] [2022-08-07T01:32:41.986Z] <<< [apiv2][body] POST https://www.googleapis.com/oauth2/v3/token [omitted]
[debug] [2022-08-07T01:32:42.025Z] >>> [apiv2][query] GET https://firebase.googleapis.com/v1beta1/projects/clone-7bdc3 [none]
[debug] [2022-08-07T01:32:42.665Z] <<< [apiv2][status] GET https://firebase.googleapis.com/v1beta1/projects/clone-7bdc3 200
[debug] [2022-08-07T01:32:42.666Z] <<< [apiv2][body] GET https://firebase.googleapis.com/v1beta1/projects/clone-7bdc3 {"projectId":"clone-7bdc3","projectNumber":"432769716115","displayName":"amazon-clone","name":"projects/clone-7bdc3","resources":{"hostingSite":"clone-7bdc3","storageBucket":"clone-7bdc3.appspot.com","locationId":"asia-northeast2"},"state":"ACTIVE","etag":"1_048cc45e-837b-4491-8836-c6a8be9eebf8"}
[info] i  Using project clone-7bdc3 (amazon-clone) 
[info] 
=== Hosting Setup
[info] 
[info] Your public directory is the folder (relative to your project directory) that
[info] will contain Hosting assets to be uploaded with firebase deploy. If you
[info] have a build process for your assets, use your build's output directory.
[info] 
[info] i  Skipping write of build/404.html 
[debug] [2022-08-07T01:33:03.735Z] >>> [apiv2][query] GET https://www.gstatic.com/firebasejs/releases.json [none]
[debug] [2022-08-07T01:33:04.095Z] <<< [apiv2][status] GET https://www.gstatic.com/firebasejs/releases.json 200
[debug] [2022-08-07T01:33:04.095Z] <<< [apiv2][body] GET https://www.gstatic.com/firebasejs/releases.json {"current":{"version":"9.9.2","browserURL":"https://www.gstatic.com/firebasejs/9.9.2/firebase.js","packageURL":"https://www.gstatic.com/firebasejs/9.9.2/firebase.tgz"},"live":{"version":"9.9","browserURL":"https://www.gstatic.com/firebasejs/live/9.9/firebase.js","packageURL":"https://www.gstatic.com/firebasejs/live/9.9/firebase.tgz"},"components":{"analytics":"https://www.gstatic.com/firebasejs/9.9.2/firebase-analytics.js","app":"https://www.gstatic.com/firebasejs/9.9.2/firebase-app.js","app-check":"https://www.gstatic.com/firebasejs/9.9.2/firebase-app-check.js","auth":"https://www.gstatic.com/firebasejs/9.9.2/firebase-auth.js","auth/cordova":"https://www.gstatic.com/firebasejs/9.9.2/firebase-auth/cordova.js","auth/react-native":"https://www.gstatic.com/firebasejs/9.9.2/firebase-auth/react-native.js","functions":"https://www.gstatic.com/firebasejs/9.9.2/firebase-functions.js","firestore":"https://www.gstatic.com/firebasejs/9.9.2/firebase-firestore.js","firestore/lite":"https://www.gstatic.com/firebasejs/9.9.2/firebase-firestore/lite.js","installations":"https://www.gstatic.com/firebasejs/9.9.2/firebase-installations.js","storage":"https://www.gstatic.com/firebasejs/9.9.2/firebase-storage.js","performance":"https://www.gstatic.com/firebasejs/9.9.2/firebase-performance.js","remote-config":"https://www.gstatic.com/firebasejs/9.9.2/firebase-remote-config.js","messaging":"https://www.gstatic.com/firebasejs/9.9.2/firebase-messaging.js","messaging/sw":"https://www.gstatic.com/firebasejs/9.9.2/firebase-messaging/sw.js","database":"https://www.gstatic.com/firebasejs/9.9.2/firebase-database.js","firestore.memory":"https://www.gstatic.com/firebasejs/9.9.2/firebase-firestore.memory.js"}}
[info] i  Skipping write of build/index.html 
[info] 
[info] i  Detected a .git folder at /Users/user 
[info] i  Authorizing with GitHub to upload your service account to a GitHub repository's secrets store. 
[info] 
[info] Visit this URL on this device to log in:
[info] https://github.com/login/oauth/authorize?client_id=89cf50f02ac6aaed3484&state=522390267&redirect_uri=http%3A%2F%2Flocalhost%3A9005&scope=read%3Auser%20repo%20public_repo
[info] 
[info] Waiting for authentication...
[debug] [2022-08-07T01:33:10.154Z] >>> [apiv2][query] POST https://github.com/login/oauth/access_token [none]
[debug] [2022-08-07T01:33:10.155Z] >>> [apiv2][body] POST https://github.com/login/oauth/access_token [stream]
[debug] [2022-08-07T01:33:10.654Z] <<< [apiv2][status] POST https://github.com/login/oauth/access_token 200
[debug] [2022-08-07T01:33:10.654Z] <<< [apiv2][body] POST https://github.com/login/oauth/access_token {"access_token":"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","token_type":"bearer","scope":"read:user,repo"}
[debug] [2022-08-07T01:33:10.668Z] >>> [apiv2][query] GET https://api.github.com/user [none]
[debug] [2022-08-07T01:33:11.286Z] <<< [apiv2][status] GET https://api.github.com/user 200
[debug] [2022-08-07T01:33:11.287Z] <<< [apiv2][body] GET https://api.github.com/user {"login":"ssto2222","id":69063807,"node_id":"MDQ6VXNlcjY5MDYzODA3","avatar_url":"https://avatars.githubusercontent.com/u/69063807?v=4","gravatar_id":"","url":"https://api.github.com/users/ssto2222","html_url":"https://github.com/ssto2222","followers_url":"https://api.github.com/users/ssto2222/followers","following_url":"https://api.github.com/users/ssto2222/following{/other_user}","gists_url":"https://api.github.com/users/ssto2222/gists{/gist_id}","starred_url":"https://api.github.com/users/ssto2222/starred{/owner}{/repo}","subscriptions_url":"https://api.github.com/users/ssto2222/subscriptions","organizations_url":"https://api.github.com/users/ssto2222/orgs","repos_url":"https://api.github.com/users/ssto2222/repos","events_url":"https://api.github.com/users/ssto2222/events{/privacy}","received_events_url":"https://api.github.com/users/ssto2222/received_events","type":"User","site_admin":false,"name":null,"company":null,"blog":"","location":null,"email":null,"hireable":null,"bio":null,"twitter_username":null,"public_repos":5,"public_gists":0,"followers":0,"following":0,"created_at":"2020-08-01T01:45:52Z","updated_at":"2022-07-15T12:27:12Z","private_gists":0,"total_private_repos":1,"owned_private_repos":1,"disk_usage":21740,"collaborators":0,"two_factor_authentication":false,"plan":{"name":"free","space":976562499,"collaborators":0,"private_repos":10000}}
[info] 
[info] ✔  Success! Logged into GitHub as ssto2222 
[info] 
